[PREINITIALIZATION][CLIENT][INFO] Current loaders after merging: [[preinit]]
[PREINITIALIZATION][CLIENT][INFO] Loading scripts for loader with names [preinit]
[PREINITIALIZATION][CLIENT][INFO] Debug Preprocessor found in {[0:crafttweaker]: 00_oreDict\00_oreDictRemoval.zs}, enabling debugmode
[PREINITIALIZATION][CLIENT][INFO] [preinit | SIDE_CLIENT]: Skipping file {[0:crafttweaker]: 00_oreDict\00_oreDictRemoval.zs} as we are currently loading with a different loader
[PREINITIALIZATION][CLIENT][INFO] [preinit | SIDE_CLIENT]: Skipping file {[-1:crafttweaker]: 00_oreDict\01_variableDeclaration.zs} as we are currently loading with a different loader
[PREINITIALIZATION][CLIENT][INFO] [preinit | SIDE_CLIENT]: Skipping file {[-2:crafttweaker]: 00_oreDict\02_recipeRemoval.zs} as we are currently loading with a different loader
[PREINITIALIZATION][CLIENT][INFO] Completed script loading in: 0ms
[PREINITIALIZATION][CLIENT][INFO] Current loaders after merging: [[preinit], [mekatweaker]]
[PREINITIALIZATION][CLIENT][INFO] Loading scripts for loader with names [mekatweaker]
[PREINITIALIZATION][CLIENT][INFO] Debug Preprocessor found in {[0:crafttweaker]: 00_oreDict\00_oreDictRemoval.zs}, enabling debugmode
[PREINITIALIZATION][CLIENT][INFO] [mekatweaker | SIDE_CLIENT]: Skipping file {[0:crafttweaker]: 00_oreDict\00_oreDictRemoval.zs} as we are currently loading with a different loader
[PREINITIALIZATION][CLIENT][INFO] [mekatweaker | SIDE_CLIENT]: Skipping file {[-1:crafttweaker]: 00_oreDict\01_variableDeclaration.zs} as we are currently loading with a different loader
[PREINITIALIZATION][CLIENT][INFO] [mekatweaker | SIDE_CLIENT]: Skipping file {[-2:crafttweaker]: 00_oreDict\02_recipeRemoval.zs} as we are currently loading with a different loader
[PREINITIALIZATION][CLIENT][INFO] Completed script loading in: 0ms
[INITIALIZATION][CLIENT][INFO] CraftTweaker: Building registry
[INITIALIZATION][CLIENT][INFO] CraftTweaker: Successfully built item registry
[INITIALIZATION][CLIENT][INFO] Current loaders after merging: [[preinit], [mekatweaker], [recipeevent | crafttweaker]]
[INITIALIZATION][CLIENT][INFO] Loading scripts for loader with names [crafttweaker | recipeevent]
[INITIALIZATION][CLIENT][INFO] Debug Preprocessor found in {[0:crafttweaker]: 00_oreDict\00_oreDictRemoval.zs}, enabling debugmode
[INITIALIZATION][CLIENT][INFO] [crafttweaker | SIDE_CLIENT]: Loading Script: {[0:crafttweaker]: 00_oreDict\00_oreDictRemoval.zs}
[INITIALIZATION][CLIENT][ERROR] [crafttweaker | SIDE_CLIENT]: Error parsing 00_oreDict\00_oreDictRemoval.zs:427 -- ] or , expected
[INITIALIZATION][CLIENT][INFO] [crafttweaker | SIDE_CLIENT]: Loading Script: {[-1:crafttweaker]: 00_oreDict\01_variableDeclaration.zs}
[INITIALIZATION][CLIENT][ERROR] [crafttweaker | SIDE_CLIENT]: Error parsing 00_oreDict\01_variableDeclaration.zs:288 -- ] or , expected
[INITIALIZATION][CLIENT][INFO] [crafttweaker | SIDE_CLIENT]: Loading Script: {[-2:crafttweaker]: 00_oreDict\02_recipeRemoval.zs}
[INITIALIZATION][CLIENT][INFO] Completed script loading in: 555ms
[POSTINITIALIZATION][CLIENT][INFO] Removing recipes for various outputs
[AVAILABLE][CLIENT][INFO] Fixed the RecipeBook
[SERVER_STARTED][SERVER][INFO] Loading scripts for loader with names [preinit]
[SERVER_STARTED][SERVER][INFO] Debug Preprocessor found in {[0:crafttweaker]: 00_oreDict\00_oreDictRemoval.zs}, enabling debugmode
[SERVER_STARTED][SERVER][INFO] Completed script loading in: 0ms
[SERVER_STARTED][SERVER][INFO] Loading scripts for loader with names [mekatweaker]
[SERVER_STARTED][SERVER][INFO] Debug Preprocessor found in {[0:crafttweaker]: 00_oreDict\00_oreDictRemoval.zs}, enabling debugmode
[SERVER_STARTED][SERVER][INFO] Completed script loading in: 0ms
[SERVER_STARTED][SERVER][INFO] Loading scripts for loader with names [crafttweaker | recipeevent]
[SERVER_STARTED][SERVER][INFO] Debug Preprocessor found in {[0:crafttweaker]: 00_oreDict\00_oreDictRemoval.zs}, enabling debugmode
[SERVER_STARTED][SERVER][INFO] [crafttweaker | SIDE_CLIENT]: Loading Script: {[0:crafttweaker]: 00_oreDict\00_oreDictRemoval.zs}
[SERVER_STARTED][SERVER][ERROR] [crafttweaker | SIDE_CLIENT]: Error parsing 00_oreDict\00_oreDictRemoval.zs:450 -- ; expected
[SERVER_STARTED][SERVER][INFO] [crafttweaker | SIDE_CLIENT]: Loading Script: {[-1:crafttweaker]: 00_oreDict\01_variableDeclaration.zs}
[SERVER_STARTED][SERVER][ERROR] [crafttweaker | SIDE_CLIENT]: Error parsing 00_oreDict\01_variableDeclaration.zs:342 -- ) expected
[SERVER_STARTED][SERVER][INFO] [crafttweaker | SIDE_CLIENT]: Loading Script: {[-2:crafttweaker]: 00_oreDict\02_recipeRemoval.zs}
[SERVER_STARTED][SERVER][INFO] Completed script loading in: 105ms
[SERVER_STARTED][SERVER][INFO] Loading scripts for loader with names [preinit]
[SERVER_STARTED][SERVER][INFO] Debug Preprocessor found in {[0:crafttweaker]: 00_oreDict\00_oreDictRemoval.zs}, enabling debugmode
[SERVER_STARTED][SERVER][INFO] Completed script loading in: 0ms
[SERVER_STARTED][SERVER][INFO] Loading scripts for loader with names [mekatweaker]
[SERVER_STARTED][SERVER][INFO] Debug Preprocessor found in {[0:crafttweaker]: 00_oreDict\00_oreDictRemoval.zs}, enabling debugmode
[SERVER_STARTED][SERVER][INFO] Completed script loading in: 0ms
[SERVER_STARTED][SERVER][INFO] Loading scripts for loader with names [crafttweaker | recipeevent]
[SERVER_STARTED][SERVER][INFO] Debug Preprocessor found in {[0:crafttweaker]: 00_oreDict\00_oreDictRemoval.zs}, enabling debugmode
[SERVER_STARTED][SERVER][INFO] [crafttweaker | SIDE_CLIENT]: Loading Script: {[0:crafttweaker]: 00_oreDict\00_oreDictRemoval.zs}
[SERVER_STARTED][SERVER][INFO] [crafttweaker | SIDE_CLIENT]: Loading Script: {[-1:crafttweaker]: 00_oreDict\01_variableDeclaration.zs}
[SERVER_STARTED][SERVER][ERROR] [crafttweaker | SIDE_CLIENT]: Error parsing 00_oreDict\01_variableDeclaration.zs:345 -- ) expected
[SERVER_STARTED][SERVER][INFO] [crafttweaker | SIDE_CLIENT]: Loading Script: {[-2:crafttweaker]: 00_oreDict\02_recipeRemoval.zs}
[SERVER_STARTED][SERVER][INFO] Completed script loading in: 421ms
[SERVER_STARTED][SERVER][INFO] Loading scripts for loader with names [preinit]
[SERVER_STARTED][SERVER][INFO] Debug Preprocessor found in {[0:crafttweaker]: 00_oreDict\00_oreDictRemoval.zs}, enabling debugmode
[SERVER_STARTED][SERVER][INFO] Completed script loading in: 0ms
[SERVER_STARTED][SERVER][INFO] Loading scripts for loader with names [mekatweaker]
[SERVER_STARTED][SERVER][INFO] Debug Preprocessor found in {[0:crafttweaker]: 00_oreDict\00_oreDictRemoval.zs}, enabling debugmode
[SERVER_STARTED][SERVER][INFO] Completed script loading in: 0ms
[SERVER_STARTED][SERVER][INFO] Loading scripts for loader with names [crafttweaker | recipeevent]
[SERVER_STARTED][SERVER][INFO] Debug Preprocessor found in {[0:crafttweaker]: 00_oreDict\00_oreDictRemoval.zs}, enabling debugmode
[SERVER_STARTED][SERVER][INFO] [crafttweaker | SIDE_CLIENT]: Loading Script: {[0:crafttweaker]: 00_oreDict\00_oreDictRemoval.zs}
[SERVER_STARTED][SERVER][INFO] [crafttweaker | SIDE_CLIENT]: Loading Script: {[-1:crafttweaker]: 00_oreDict\01_variableDeclaration.zs}
[SERVER_STARTED][SERVER][ERROR] [crafttweaker | SIDE_CLIENT]: Error parsing 00_oreDict\01_variableDeclaration.zs:357 -- ) expected
[SERVER_STARTED][SERVER][INFO] [crafttweaker | SIDE_CLIENT]: Loading Script: {[-2:crafttweaker]: 00_oreDict\02_recipeRemoval.zs}
[SERVER_STARTED][SERVER][INFO] Completed script loading in: 95ms
[SERVER_STARTED][SERVER][INFO] Loading scripts for loader with names [preinit]
[SERVER_STARTED][SERVER][INFO] Debug Preprocessor found in {[0:crafttweaker]: 00_oreDict\00_oreDictRemoval.zs}, enabling debugmode
[SERVER_STARTED][SERVER][INFO] Completed script loading in: 0ms
[SERVER_STARTED][SERVER][INFO] Loading scripts for loader with names [mekatweaker]
[SERVER_STARTED][SERVER][INFO] Debug Preprocessor found in {[0:crafttweaker]: 00_oreDict\00_oreDictRemoval.zs}, enabling debugmode
[SERVER_STARTED][SERVER][INFO] Completed script loading in: 0ms
[SERVER_STARTED][SERVER][INFO] Loading scripts for loader with names [crafttweaker | recipeevent]
[SERVER_STARTED][SERVER][INFO] Debug Preprocessor found in {[0:crafttweaker]: 00_oreDict\00_oreDictRemoval.zs}, enabling debugmode
[SERVER_STARTED][SERVER][INFO] [crafttweaker | SIDE_CLIENT]: Loading Script: {[0:crafttweaker]: 00_oreDict\00_oreDictRemoval.zs}
[SERVER_STARTED][SERVER][INFO] [crafttweaker | SIDE_CLIENT]: Loading Script: {[-1:crafttweaker]: 00_oreDict\01_variableDeclaration.zs}
[SERVER_STARTED][SERVER][ERROR] 00_oreDict\01_variableDeclaration.zs:550: Could not resolve <cyclicmagic : crystallised_amber>
[SERVER_STARTED][SERVER][ERROR] 00_oreDict\01_variableDeclaration.zs:551: Could not resolve <cyclicmagic : crystallised_amber>
[SERVER_STARTED][SERVER][ERROR] 00_oreDict\01_variableDeclaration.zs:553: Could not resolve <cyclicmagic : crystallised_obsidian>
[SERVER_STARTED][SERVER][ERROR] 00_oreDict\01_variableDeclaration.zs:554: Could not resolve <cyclicmagic : crystallised_obsidian>
[SERVER_STARTED][SERVER][ERROR] 00_oreDict\01_variableDeclaration.zs:753: Could not resolve <botania : manaresources : 8>
[SERVER_STARTED][SERVER][ERROR] 00_oreDict\01_variableDeclaration.zs:888: Could not resolve <woot : sygianironplate>
[SERVER_STARTED][SERVER][ERROR] [crafttweaker | SIDE_CLIENT]: Error parsing 00_oreDict\01_variableDeclaration.zs:889 -- ) expected
[SERVER_STARTED][SERVER][INFO] [crafttweaker | SIDE_CLIENT]: Loading Script: {[-2:crafttweaker]: 00_oreDict\02_recipeRemoval.zs}
[SERVER_STARTED][SERVER][INFO] Completed script loading in: 86ms
[SERVER_STARTED][SERVER][INFO] Loading scripts for loader with names [preinit]
[SERVER_STARTED][SERVER][INFO] Debug Preprocessor found in {[0:crafttweaker]: 00_oreDict\00_oreDictRemoval.zs}, enabling debugmode
[SERVER_STARTED][SERVER][INFO] Completed script loading in: 0ms
[SERVER_STARTED][SERVER][INFO] Loading scripts for loader with names [mekatweaker]
[SERVER_STARTED][SERVER][INFO] Debug Preprocessor found in {[0:crafttweaker]: 00_oreDict\00_oreDictRemoval.zs}, enabling debugmode
[SERVER_STARTED][SERVER][INFO] Completed script loading in: 0ms
[SERVER_STARTED][SERVER][INFO] Loading scripts for loader with names [crafttweaker | recipeevent]
[SERVER_STARTED][SERVER][INFO] Debug Preprocessor found in {[0:crafttweaker]: 00_oreDict\00_oreDictRemoval.zs}, enabling debugmode
[SERVER_STARTED][SERVER][INFO] [crafttweaker | SIDE_CLIENT]: Loading Script: {[0:crafttweaker]: 00_oreDict\00_oreDictRemoval.zs}
[SERVER_STARTED][SERVER][INFO] [crafttweaker | SIDE_CLIENT]: Loading Script: {[-1:crafttweaker]: 00_oreDict\01_variableDeclaration.zs}
[SERVER_STARTED][SERVER][ERROR] 00_oreDict\01_variableDeclaration.zs:550: Could not resolve <cyclicmagic : crystallised_amber>
[SERVER_STARTED][SERVER][ERROR] 00_oreDict\01_variableDeclaration.zs:551: Could not resolve <cyclicmagic : crystallised_amber>
[SERVER_STARTED][SERVER][ERROR] 00_oreDict\01_variableDeclaration.zs:553: Could not resolve <cyclicmagic : crystallised_obsidian>
[SERVER_STARTED][SERVER][ERROR] 00_oreDict\01_variableDeclaration.zs:554: Could not resolve <cyclicmagic : crystallised_obsidian>
[SERVER_STARTED][SERVER][ERROR] [crafttweaker | SIDE_CLIENT]: Error parsing 00_oreDict\01_variableDeclaration.zs:889 -- ) expected
[SERVER_STARTED][SERVER][INFO] [crafttweaker | SIDE_CLIENT]: Loading Script: {[-2:crafttweaker]: 00_oreDict\02_recipeRemoval.zs}
[SERVER_STARTED][SERVER][INFO] Completed script loading in: 25ms
[SERVER_STARTED][SERVER][INFO] Loading scripts for loader with names [preinit]
[SERVER_STARTED][SERVER][INFO] Debug Preprocessor found in {[0:crafttweaker]: 00_oreDict\00_oreDictRemoval.zs}, enabling debugmode
[SERVER_STARTED][SERVER][INFO] Completed script loading in: 0ms
[SERVER_STARTED][SERVER][INFO] Loading scripts for loader with names [mekatweaker]
[SERVER_STARTED][SERVER][INFO] Debug Preprocessor found in {[0:crafttweaker]: 00_oreDict\00_oreDictRemoval.zs}, enabling debugmode
[SERVER_STARTED][SERVER][INFO] Completed script loading in: 0ms
[SERVER_STARTED][SERVER][INFO] Loading scripts for loader with names [crafttweaker | recipeevent]
[SERVER_STARTED][SERVER][INFO] Debug Preprocessor found in {[0:crafttweaker]: 00_oreDict\00_oreDictRemoval.zs}, enabling debugmode
[SERVER_STARTED][SERVER][INFO] [crafttweaker | SIDE_CLIENT]: Loading Script: {[0:crafttweaker]: 00_oreDict\00_oreDictRemoval.zs}
[SERVER_STARTED][SERVER][INFO] [crafttweaker | SIDE_CLIENT]: Loading Script: {[-1:crafttweaker]: 00_oreDict\01_variableDeclaration.zs}
[SERVER_STARTED][SERVER][ERROR] 00_oreDict\01_variableDeclaration.zs:1007: Could not resolve <botania : manaresources : 8>
[SERVER_STARTED][SERVER][ERROR] 00_oreDict\01_variableDeclaration.zs:1011: Could not resolve <botania : manaresources : 8>
[SERVER_STARTED][SERVER][ERROR] 00_oreDict\01_variableDeclaration.zs:1113: Could not resolve <mystgears : gear_gold_off>
[SERVER_STARTED][SERVER][ERROR] 00_oreDict\01_variableDeclaration.zs:1114: Could not resolve <mystgears : gear_gold_off>
[SERVER_STARTED][SERVER][ERROR] 00_oreDict\01_variableDeclaration.zs:1116: Could not resolve <mystgears : gear_gold_on>
[SERVER_STARTED][SERVER][ERROR] 00_oreDict\01_variableDeclaration.zs:1117: Could not resolve <mystgears : gear_gold_on>
[SERVER_STARTED][SERVER][ERROR] [crafttweaker | SIDE_CLIENT]: Error parsing 00_oreDict\01_variableDeclaration.zs:1250 -- ) expected
[SERVER_STARTED][SERVER][INFO] [crafttweaker | SIDE_CLIENT]: Loading Script: {[-2:crafttweaker]: 00_oreDict\02_recipeRemoval.zs}
[SERVER_STARTED][SERVER][INFO] Completed script loading in: 35ms
[SERVER_STARTED][SERVER][INFO] Loading scripts for loader with names [preinit]
[SERVER_STARTED][SERVER][INFO] Debug Preprocessor found in {[0:crafttweaker]: 00_oreDict\00_oreDictRemoval.zs}, enabling debugmode
[SERVER_STARTED][SERVER][INFO] Completed script loading in: 0ms
[SERVER_STARTED][SERVER][INFO] Loading scripts for loader with names [mekatweaker]
[SERVER_STARTED][SERVER][INFO] Debug Preprocessor found in {[0:crafttweaker]: 00_oreDict\00_oreDictRemoval.zs}, enabling debugmode
[SERVER_STARTED][SERVER][INFO] Completed script loading in: 0ms
[SERVER_STARTED][SERVER][INFO] Loading scripts for loader with names [crafttweaker | recipeevent]
[SERVER_STARTED][SERVER][INFO] Debug Preprocessor found in {[0:crafttweaker]: 00_oreDict\00_oreDictRemoval.zs}, enabling debugmode
[SERVER_STARTED][SERVER][INFO] [crafttweaker | SIDE_CLIENT]: Loading Script: {[0:crafttweaker]: 00_oreDict\00_oreDictRemoval.zs}
[SERVER_STARTED][SERVER][INFO] [crafttweaker | SIDE_CLIENT]: Loading Script: {[-1:crafttweaker]: 00_oreDict\01_variableDeclaration.zs}
[SERVER_STARTED][SERVER][ERROR] 00_oreDict\01_variableDeclaration.zs:1113: Could not resolve <mystgears : gear_gold_off>
[SERVER_STARTED][SERVER][ERROR] 00_oreDict\01_variableDeclaration.zs:1116: Could not resolve <mystgears : gear_gold_on>
[SERVER_STARTED][SERVER][ERROR] [crafttweaker | SIDE_CLIENT]: Error parsing 00_oreDict\01_variableDeclaration.zs:1481 -- ] expected
[SERVER_STARTED][SERVER][INFO] [crafttweaker | SIDE_CLIENT]: Loading Script: {[-2:crafttweaker]: 00_oreDict\02_recipeRemoval.zs}
[SERVER_STARTED][SERVER][INFO] Completed script loading in: 37ms
[SERVER_STARTED][SERVER][INFO] Loading scripts for loader with names [preinit]
[SERVER_STARTED][SERVER][INFO] Debug Preprocessor found in {[0:crafttweaker]: 00_oreDict\00_oreDictRemoval.zs}, enabling debugmode
[SERVER_STARTED][SERVER][INFO] Completed script loading in: 0ms
[SERVER_STARTED][SERVER][INFO] Loading scripts for loader with names [mekatweaker]
[SERVER_STARTED][SERVER][INFO] Debug Preprocessor found in {[0:crafttweaker]: 00_oreDict\00_oreDictRemoval.zs}, enabling debugmode
[SERVER_STARTED][SERVER][INFO] Completed script loading in: 0ms
[SERVER_STARTED][SERVER][INFO] Loading scripts for loader with names [crafttweaker | recipeevent]
[SERVER_STARTED][SERVER][INFO] Debug Preprocessor found in {[0:crafttweaker]: 00_oreDict\00_oreDictRemoval.zs}, enabling debugmode
[SERVER_STARTED][SERVER][INFO] [crafttweaker | SIDE_CLIENT]: Loading Script: {[0:crafttweaker]: 00_oreDict\00_oreDictRemoval.zs}
[SERVER_STARTED][SERVER][INFO] [crafttweaker | SIDE_CLIENT]: Loading Script: {[-1:crafttweaker]: 00_oreDict\01_variableDeclaration.zs}
[SERVER_STARTED][SERVER][ERROR] [crafttweaker | SIDE_CLIENT]: Error parsing 00_oreDict\01_variableDeclaration.zs:1570 -- ) expected
[SERVER_STARTED][SERVER][INFO] [crafttweaker | SIDE_CLIENT]: Loading Script: {[-2:crafttweaker]: 00_oreDict\02_recipeRemoval.zs}
[SERVER_STARTED][SERVER][INFO] Completed script loading in: 25ms
[SERVER_STARTED][SERVER][INFO] Loading scripts for loader with names [preinit]
[SERVER_STARTED][SERVER][INFO] Debug Preprocessor found in {[0:crafttweaker]: 00_oreDict\00_oreDictRemoval.zs}, enabling debugmode
[SERVER_STARTED][SERVER][INFO] Completed script loading in: 0ms
[SERVER_STARTED][SERVER][INFO] Loading scripts for loader with names [mekatweaker]
[SERVER_STARTED][SERVER][INFO] Debug Preprocessor found in {[0:crafttweaker]: 00_oreDict\00_oreDictRemoval.zs}, enabling debugmode
[SERVER_STARTED][SERVER][INFO] Completed script loading in: 0ms
[SERVER_STARTED][SERVER][INFO] Loading scripts for loader with names [crafttweaker | recipeevent]
[SERVER_STARTED][SERVER][INFO] Debug Preprocessor found in {[0:crafttweaker]: 00_oreDict\00_oreDictRemoval.zs}, enabling debugmode
[SERVER_STARTED][SERVER][INFO] [crafttweaker | SIDE_CLIENT]: Loading Script: {[0:crafttweaker]: 00_oreDict\00_oreDictRemoval.zs}
[SERVER_STARTED][SERVER][INFO] [crafttweaker | SIDE_CLIENT]: Loading Script: {[-1:crafttweaker]: 00_oreDict\01_variableDeclaration.zs}
[SERVER_STARTED][SERVER][ERROR] 00_oreDict\01_variableDeclaration.zs:1580: Could not resolve <planarartifice : alkimium_>
[SERVER_STARTED][SERVER][ERROR] [crafttweaker | SIDE_CLIENT]: Error parsing 00_oreDict\01_variableDeclaration.zs:1658 -- ] expected
[SERVER_STARTED][SERVER][INFO] [crafttweaker | SIDE_CLIENT]: Loading Script: {[-2:crafttweaker]: 00_oreDict\02_recipeRemoval.zs}
[SERVER_STARTED][SERVER][INFO] Completed script loading in: 28ms
[SERVER_STARTED][SERVER][INFO] Loading scripts for loader with names [preinit]
[SERVER_STARTED][SERVER][INFO] Debug Preprocessor found in {[0:crafttweaker]: 00_oreDict\00_oreDictRemoval.zs}, enabling debugmode
[SERVER_STARTED][SERVER][INFO] Completed script loading in: 0ms
[SERVER_STARTED][SERVER][INFO] Loading scripts for loader with names [mekatweaker]
[SERVER_STARTED][SERVER][INFO] Debug Preprocessor found in {[0:crafttweaker]: 00_oreDict\00_oreDictRemoval.zs}, enabling debugmode
[SERVER_STARTED][SERVER][INFO] Completed script loading in: 0ms
[SERVER_STARTED][SERVER][INFO] Loading scripts for loader with names [crafttweaker | recipeevent]
[SERVER_STARTED][SERVER][INFO] Debug Preprocessor found in {[0:crafttweaker]: 00_oreDict\00_oreDictRemoval.zs}, enabling debugmode
[SERVER_STARTED][SERVER][INFO] [crafttweaker | SIDE_CLIENT]: Loading Script: {[0:crafttweaker]: 00_oreDict\00_oreDictRemoval.zs}
[SERVER_STARTED][SERVER][INFO] [crafttweaker | SIDE_CLIENT]: Loading Script: {[-1:crafttweaker]: 00_oreDict\01_variableDeclaration.zs}
[SERVER_STARTED][SERVER][ERROR] [crafttweaker | SIDE_CLIENT]: Error parsing 00_oreDict\01_variableDeclaration.zs:1771 -- ; expected
[SERVER_STARTED][SERVER][INFO] [crafttweaker | SIDE_CLIENT]: Loading Script: {[-2:crafttweaker]: 00_oreDict\02_recipeRemoval.zs}
[SERVER_STARTED][SERVER][INFO] Completed script loading in: 32ms
[SERVER_STARTED][SERVER][INFO] Loading scripts for loader with names [preinit]
[SERVER_STARTED][SERVER][INFO] Debug Preprocessor found in {[0:crafttweaker]: 00_oreDict\00_oreDictRemoval.zs}, enabling debugmode
[SERVER_STARTED][SERVER][INFO] Completed script loading in: 0ms
[SERVER_STARTED][SERVER][INFO] Loading scripts for loader with names [mekatweaker]
[SERVER_STARTED][SERVER][INFO] Debug Preprocessor found in {[0:crafttweaker]: 00_oreDict\00_oreDictRemoval.zs}, enabling debugmode
[SERVER_STARTED][SERVER][INFO] Completed script loading in: 0ms
[SERVER_STARTED][SERVER][INFO] Loading scripts for loader with names [crafttweaker | recipeevent]
[SERVER_STARTED][SERVER][INFO] Debug Preprocessor found in {[0:crafttweaker]: 00_oreDict\00_oreDictRemoval.zs}, enabling debugmode
[SERVER_STARTED][SERVER][INFO] [crafttweaker | SIDE_CLIENT]: Loading Script: {[0:crafttweaker]: 00_oreDict\00_oreDictRemoval.zs}
[SERVER_STARTED][SERVER][INFO] [crafttweaker | SIDE_CLIENT]: Loading Script: {[-1:crafttweaker]: 00_oreDict\01_variableDeclaration.zs}
[SERVER_STARTED][SERVER][ERROR] [crafttweaker | SIDE_CLIENT]: Error parsing 00_oreDict\01_variableDeclaration.zs:1777 -- ; expected
[SERVER_STARTED][SERVER][INFO] [crafttweaker | SIDE_CLIENT]: Loading Script: {[-2:crafttweaker]: 00_oreDict\02_recipeRemoval.zs}
[SERVER_STARTED][SERVER][INFO] Completed script loading in: 109ms
[SERVER_STARTED][SERVER][INFO] Loading scripts for loader with names [preinit]
[SERVER_STARTED][SERVER][INFO] Debug Preprocessor found in {[0:crafttweaker]: 00_oreDict\00_oreDictRemoval.zs}, enabling debugmode
[SERVER_STARTED][SERVER][INFO] Completed script loading in: 0ms
[SERVER_STARTED][SERVER][INFO] Loading scripts for loader with names [mekatweaker]
[SERVER_STARTED][SERVER][INFO] Debug Preprocessor found in {[0:crafttweaker]: 00_oreDict\00_oreDictRemoval.zs}, enabling debugmode
[SERVER_STARTED][SERVER][INFO] Completed script loading in: 0ms
[SERVER_STARTED][SERVER][INFO] Loading scripts for loader with names [crafttweaker | recipeevent]
[SERVER_STARTED][SERVER][INFO] Debug Preprocessor found in {[0:crafttweaker]: 00_oreDict\00_oreDictRemoval.zs}, enabling debugmode
[SERVER_STARTED][SERVER][INFO] [crafttweaker | SIDE_CLIENT]: Loading Script: {[0:crafttweaker]: 00_oreDict\00_oreDictRemoval.zs}
[SERVER_STARTED][SERVER][INFO] [crafttweaker | SIDE_CLIENT]: Loading Script: {[-1:crafttweaker]: 00_oreDict\01_variableDeclaration.zs}
[SERVER_STARTED][SERVER][ERROR] [crafttweaker | SIDE_CLIENT]: Error parsing 00_oreDict\01_variableDeclaration.zs:1777 -- ; expected
[SERVER_STARTED][SERVER][INFO] [crafttweaker | SIDE_CLIENT]: Loading Script: {[-2:crafttweaker]: 00_oreDict\02_recipeRemoval.zs}
[SERVER_STARTED][SERVER][INFO] Completed script loading in: 41ms
[SERVER_STARTED][SERVER][INFO] Loading scripts for loader with names [preinit]
[SERVER_STARTED][SERVER][INFO] Debug Preprocessor found in {[0:crafttweaker]: 00_oreDict\00_oreDictRemoval.zs}, enabling debugmode
[SERVER_STARTED][SERVER][INFO] Completed script loading in: 0ms
[SERVER_STARTED][SERVER][INFO] Loading scripts for loader with names [mekatweaker]
[SERVER_STARTED][SERVER][INFO] Debug Preprocessor found in {[0:crafttweaker]: 00_oreDict\00_oreDictRemoval.zs}, enabling debugmode
[SERVER_STARTED][SERVER][INFO] Completed script loading in: 0ms
[SERVER_STARTED][SERVER][INFO] Loading scripts for loader with names [crafttweaker | recipeevent]
[SERVER_STARTED][SERVER][INFO] Debug Preprocessor found in {[0:crafttweaker]: 00_oreDict\00_oreDictRemoval.zs}, enabling debugmode
[SERVER_STARTED][SERVER][INFO] [crafttweaker | SIDE_CLIENT]: Loading Script: {[0:crafttweaker]: 00_oreDict\00_oreDictRemoval.zs}
[SERVER_STARTED][SERVER][INFO] [crafttweaker | SIDE_CLIENT]: Loading Script: {[-1:crafttweaker]: 00_oreDict\01_variableDeclaration.zs}
[SERVER_STARTED][SERVER][ERROR] 00_oreDict\01_variableDeclaration.zs:96 > associative arrays don't have static members
[SERVER_STARTED][SERVER][ERROR] 00_oreDict\01_variableDeclaration.zs:149 > associative arrays don't have static members
[SERVER_STARTED][SERVER][ERROR] 00_oreDict\01_variableDeclaration.zs:323 > associative arrays don't have static members
[SERVER_STARTED][SERVER][ERROR] 00_oreDict\01_variableDeclaration.zs:429 > associative arrays don't have static members
[SERVER_STARTED][SERVER][ERROR] 00_oreDict\01_variableDeclaration.zs:512 > associative arrays don't have static members
[SERVER_STARTED][SERVER][ERROR] 00_oreDict\01_variableDeclaration.zs:577 > associative arrays don't have static members
[SERVER_STARTED][SERVER][ERROR] 00_oreDict\01_variableDeclaration.zs:737 > associative arrays don't have static members
[SERVER_STARTED][SERVER][ERROR] 00_oreDict\01_variableDeclaration.zs:879 > associative arrays don't have static members
[SERVER_STARTED][SERVER][ERROR] 00_oreDict\01_variableDeclaration.zs:945 > associative arrays don't have static members
[SERVER_STARTED][SERVER][ERROR] 00_oreDict\01_variableDeclaration.zs:1003 > associative arrays don't have static members
[SERVER_STARTED][SERVER][ERROR] 00_oreDict\01_variableDeclaration.zs:1105 > associative arrays don't have static members
[SERVER_STARTED][SERVER][ERROR] 00_oreDict\01_variableDeclaration.zs:1247 > associative arrays don't have static members
[SERVER_STARTED][SERVER][ERROR] 00_oreDict\01_variableDeclaration.zs:1483 > associative arrays don't have static members
[SERVER_STARTED][SERVER][ERROR] 00_oreDict\01_variableDeclaration.zs:1660 > associative arrays don't have static members
[SERVER_STARTED][SERVER][ERROR] 00_oreDict\01_variableDeclaration.zs:1757 > associative arrays don't have static members
[SERVER_STARTED][SERVER][ERROR] 00_oreDict\01_variableDeclaration.zs:98 > any values not yet supported
[SERVER_STARTED][SERVER][ERROR] 00_oreDict\01_variableDeclaration.zs:100 > any values not yet supported
[SERVER_STARTED][SERVER][ERROR] 00_oreDict\01_variableDeclaration.zs:103 > any values not yet supported
[SERVER_STARTED][SERVER][ERROR] 00_oreDict\01_variableDeclaration.zs:106 > any values not yet supported
[SERVER_STARTED][SERVER][ERROR] 00_oreDict\01_variableDeclaration.zs:111 > any values not yet supported
[SERVER_STARTED][SERVER][ERROR] 00_oreDict\01_variableDeclaration.zs:153 > any values not yet supported
[SERVER_STARTED][SERVER][ERROR] 00_oreDict\01_variableDeclaration.zs:325 > any values not yet supported
[SERVER_STARTED][SERVER][ERROR] 00_oreDict\01_variableDeclaration.zs:329 > any values not yet supported
[SERVER_STARTED][SERVER][ERROR] 00_oreDict\01_variableDeclaration.zs:332 > any values not yet supported
[SERVER_STARTED][SERVER][ERROR] 00_oreDict\01_variableDeclaration.zs:335 > any values not yet supported
[SERVER_STARTED][SERVER][ERROR] 00_oreDict\01_variableDeclaration.zs:338 > any values not yet supported
[SERVER_STARTED][SERVER][ERROR] 00_oreDict\01_variableDeclaration.zs:341 > any values not yet supported
[SERVER_STARTED][SERVER][ERROR] 00_oreDict\01_variableDeclaration.zs:344 > any values not yet supported
[SERVER_STARTED][SERVER][ERROR] 00_oreDict\01_variableDeclaration.zs:347 > any values not yet supported
[SERVER_STARTED][SERVER][ERROR] 00_oreDict\01_variableDeclaration.zs:350 > any values not yet supported
[SERVER_STARTED][SERVER][ERROR] 00_oreDict\01_variableDeclaration.zs:352 > any values not yet supported
[SERVER_STARTED][SERVER][ERROR] 00_oreDict\01_variableDeclaration.zs:356 > any values not yet supported
[SERVER_STARTED][SERVER][ERROR] 00_oreDict\01_variableDeclaration.zs:359 > any values not yet supported
[SERVER_STARTED][SERVER][ERROR] 00_oreDict\01_variableDeclaration.zs:363 > any values not yet supported
[SERVER_STARTED][SERVER][ERROR] 00_oreDict\01_variableDeclaration.zs:366 > any values not yet supported
[SERVER_STARTED][SERVER][ERROR] 00_oreDict\01_variableDeclaration.zs:369 > any values not yet supported
[SERVER_STARTED][SERVER][ERROR] 00_oreDict\01_variableDeclaration.zs:372 > any values not yet supported
[SERVER_STARTED][SERVER][ERROR] 00_oreDict\01_variableDeclaration.zs:377 > any values not yet supported
[SERVER_STARTED][SERVER][ERROR] 00_oreDict\01_variableDeclaration.zs:431 > any values not yet supported
[SERVER_STARTED][SERVER][ERROR] 00_oreDict\01_variableDeclaration.zs:434 > any values not yet supported
[SERVER_STARTED][SERVER][ERROR] 00_oreDict\01_variableDeclaration.zs:437 > any values not yet supported
[SERVER_STARTED][SERVER][ERROR] 00_oreDict\01_variableDeclaration.zs:440 > any values not yet supported
[SERVER_STARTED][SERVER][ERROR] 00_oreDict\01_variableDeclaration.zs:443 > any values not yet supported
[SERVER_STARTED][SERVER][ERROR] 00_oreDict\01_variableDeclaration.zs:444 > any values not yet supported
[SERVER_STARTED][SERVER][ERROR] 00_oreDict\01_variableDeclaration.zs:445 > any values not yet supported
[SERVER_STARTED][SERVER][ERROR] 00_oreDict\01_variableDeclaration.zs:447 > any values not yet supported
[SERVER_STARTED][SERVER][ERROR] 00_oreDict\01_variableDeclaration.zs:514 > any values not yet supported
[SERVER_STARTED][SERVER][ERROR] 00_oreDict\01_variableDeclaration.zs:517 > any values not yet supported
[SERVER_STARTED][SERVER][ERROR] 00_oreDict\01_variableDeclaration.zs:520 > any values not yet supported
[SERVER_STARTED][SERVER][ERROR] 00_oreDict\01_variableDeclaration.zs:523 > any values not yet supported
[SERVER_STARTED][SERVER][ERROR] 00_oreDict\01_variableDeclaration.zs:526 > any values not yet supported
[SERVER_STARTED][SERVER][ERROR] 00_oreDict\01_variableDeclaration.zs:529 > any values not yet supported
[SERVER_STARTED][SERVER][ERROR] 00_oreDict\01_variableDeclaration.zs:532 > any values not yet supported
[SERVER_STARTED][SERVER][ERROR] 00_oreDict\01_variableDeclaration.zs:535 > any values not yet supported
[SERVER_STARTED][SERVER][ERROR] 00_oreDict\01_variableDeclaration.zs:538 > any values not yet supported
[SERVER_STARTED][SERVER][ERROR] 00_oreDict\01_variableDeclaration.zs:541 > any values not yet supported
[SERVER_STARTED][SERVER][ERROR] 00_oreDict\01_variableDeclaration.zs:544 > any values not yet supported
[SERVER_STARTED][SERVER][ERROR] 00_oreDict\01_variableDeclaration.zs:547 > any values not yet supported
[SERVER_STARTED][SERVER][ERROR] 00_oreDict\01_variableDeclaration.zs:550 > any values not yet supported
[SERVER_STARTED][SERVER][ERROR] 00_oreDict\01_variableDeclaration.zs:553 > any values not yet supported
[SERVER_STARTED][SERVER][ERROR] 00_oreDict\01_variableDeclaration.zs:558 > any values not yet supported
[SERVER_STARTED][SERVER][ERROR] 00_oreDict\01_variableDeclaration.zs:739 > any values not yet supported
[SERVER_STARTED][SERVER][ERROR] 00_oreDict\01_variableDeclaration.zs:742 > any values not yet supported
[SERVER_STARTED][SERVER][ERROR] 00_oreDict\01_variableDeclaration.zs:745 > any values not yet supported
[SERVER_STARTED][SERVER][ERROR] 00_oreDict\01_variableDeclaration.zs:748 > any values not yet supported
[SERVER_STARTED][SERVER][ERROR] 00_oreDict\01_variableDeclaration.zs:751 > any values not yet supported
[SERVER_STARTED][SERVER][ERROR] 00_oreDict\01_variableDeclaration.zs:752 > could not find ore
[SERVER_STARTED][SERVER][ERROR] 00_oreDict\01_variableDeclaration.zs:755 > any values not yet supported
[SERVER_STARTED][SERVER][ERROR] 00_oreDict\01_variableDeclaration.zs:760 > any values not yet supported
[SERVER_STARTED][SERVER][ERROR] 00_oreDict\01_variableDeclaration.zs:763 > any values not yet supported
[SERVER_STARTED][SERVER][ERROR] 00_oreDict\01_variableDeclaration.zs:766 > any values not yet supported
[SERVER_STARTED][SERVER][ERROR] 00_oreDict\01_variableDeclaration.zs:771 > any values not yet supported
[SERVER_STARTED][SERVER][ERROR] 00_oreDict\01_variableDeclaration.zs:776 > any values not yet supported
[SERVER_STARTED][SERVER][ERROR] 00_oreDict\01_variableDeclaration.zs:881 > any values not yet supported
[SERVER_STARTED][SERVER][ERROR] 00_oreDict\01_variableDeclaration.zs:884 > any values not yet supported
[SERVER_STARTED][SERVER][ERROR] 00_oreDict\01_variableDeclaration.zs:888 > any values not yet supported
[SERVER_STARTED][SERVER][ERROR] 00_oreDict\01_variableDeclaration.zs:893 > any values not yet supported
[SERVER_STARTED][SERVER][ERROR] 00_oreDict\01_variableDeclaration.zs:943 > could not find plate
[SERVER_STARTED][SERVER][ERROR] 00_oreDict\01_variableDeclaration.zs:949 > any values not yet supported
[SERVER_STARTED][SERVER][ERROR] 00_oreDict\01_variableDeclaration.zs:1005 > any values not yet supported
[SERVER_STARTED][SERVER][ERROR] 00_oreDict\01_variableDeclaration.zs:1006 > could not find ore
[SERVER_STARTED][SERVER][ERROR] 00_oreDict\01_variableDeclaration.zs:1009 > any values not yet supported
[SERVER_STARTED][SERVER][ERROR] 00_oreDict\01_variableDeclaration.zs:1010 > could not find ore
[SERVER_STARTED][SERVER][ERROR] 00_oreDict\01_variableDeclaration.zs:1013 > any values not yet supported
[SERVER_STARTED][SERVER][ERROR] 00_oreDict\01_variableDeclaration.zs:1014 > could not find ore
[SERVER_STARTED][SERVER][ERROR] 00_oreDict\01_variableDeclaration.zs:1015 > could not find ore
[SERVER_STARTED][SERVER][ERROR] 00_oreDict\01_variableDeclaration.zs:1019 > any values not yet supported
[SERVER_STARTED][SERVER][ERROR] 00_oreDict\01_variableDeclaration.zs:1107 > any values not yet supported
[SERVER_STARTED][SERVER][ERROR] 00_oreDict\01_variableDeclaration.zs:1110 > any values not yet supported
[SERVER_STARTED][SERVER][ERROR] 00_oreDict\01_variableDeclaration.zs:1113 > any values not yet supported
[SERVER_STARTED][SERVER][ERROR] 00_oreDict\01_variableDeclaration.zs:1116 > any values not yet supported
[SERVER_STARTED][SERVER][ERROR] 00_oreDict\01_variableDeclaration.zs:1120 > any values not yet supported
[SERVER_STARTED][SERVER][ERROR] 00_oreDict\01_variableDeclaration.zs:1249 > any values not yet supported
[SERVER_STARTED][SERVER][ERROR] 00_oreDict\01_variableDeclaration.zs:1252 > any values not yet supported
[SERVER_STARTED][SERVER][ERROR] 00_oreDict\01_variableDeclaration.zs:1255 > any values not yet supported
[SERVER_STARTED][SERVER][ERROR] 00_oreDict\01_variableDeclaration.zs:1259 > any values not yet supported
[SERVER_STARTED][SERVER][ERROR] 00_oreDict\01_variableDeclaration.zs:1485 > any values not yet supported
[SERVER_STARTED][SERVER][ERROR] 00_oreDict\01_variableDeclaration.zs:1488 > any values not yet supported
[SERVER_STARTED][SERVER][ERROR] 00_oreDict\01_variableDeclaration.zs:1491 > any values not yet supported
[SERVER_STARTED][SERVER][ERROR] 00_oreDict\01_variableDeclaration.zs:1494 > any values not yet supported
[SERVER_STARTED][SERVER][ERROR] 00_oreDict\01_variableDeclaration.zs:1497 > any values not yet supported
[SERVER_STARTED][SERVER][ERROR] 00_oreDict\01_variableDeclaration.zs:1500 > any values not yet supported
[SERVER_STARTED][SERVER][ERROR] 00_oreDict\01_variableDeclaration.zs:1503 > any values not yet supported
[SERVER_STARTED][SERVER][ERROR] 00_oreDict\01_variableDeclaration.zs:1506 > any values not yet supported
[SERVER_STARTED][SERVER][ERROR] 00_oreDict\01_variableDeclaration.zs:1509 > any values not yet supported
[SERVER_STARTED][SERVER][ERROR] 00_oreDict\01_variableDeclaration.zs:1512 > any values not yet supported
[SERVER_STARTED][SERVER][ERROR] 00_oreDict\01_variableDeclaration.zs:1515 > any values not yet supported
[SERVER_STARTED][SERVER][ERROR] 00_oreDict\01_variableDeclaration.zs:1518 > any values not yet supported
[SERVER_STARTED][SERVER][ERROR] 00_oreDict\01_variableDeclaration.zs:1521 > any values not yet supported
[SERVER_STARTED][SERVER][ERROR] 00_oreDict\01_variableDeclaration.zs:1524 > any values not yet supported
[SERVER_STARTED][SERVER][ERROR] 00_oreDict\01_variableDeclaration.zs:1527 > any values not yet supported
[SERVER_STARTED][SERVER][ERROR] 00_oreDict\01_variableDeclaration.zs:1530 > any values not yet supported
[SERVER_STARTED][SERVER][ERROR] 00_oreDict\01_variableDeclaration.zs:1533 > any values not yet supported
[SERVER_STARTED][SERVER][ERROR] 00_oreDict\01_variableDeclaration.zs:1536 > any values not yet supported
[SERVER_STARTED][SERVER][ERROR] 00_oreDict\01_variableDeclaration.zs:1539 > any values not yet supported
[SERVER_STARTED][SERVER][ERROR] 00_oreDict\01_variableDeclaration.zs:1542 > any values not yet supported
[SERVER_STARTED][SERVER][ERROR] 00_oreDict\01_variableDeclaration.zs:1545 > any values not yet supported
[SERVER_STARTED][SERVER][ERROR] 00_oreDict\01_variableDeclaration.zs:1548 > any values not yet supported
[SERVER_STARTED][SERVER][ERROR] 00_oreDict\01_variableDeclaration.zs:1551 > any values not yet supported
[SERVER_STARTED][SERVER][ERROR] 00_oreDict\01_variableDeclaration.zs:1554 > any values not yet supported
[SERVER_STARTED][SERVER][ERROR] 00_oreDict\01_variableDeclaration.zs:1557 > any values not yet supported
[SERVER_STARTED][SERVER][ERROR] 00_oreDict\01_variableDeclaration.zs:1560 > any values not yet supported
[SERVER_STARTED][SERVER][ERROR] 00_oreDict\01_variableDeclaration.zs:1563 > any values not yet supported
[SERVER_STARTED][SERVER][ERROR] 00_oreDict\01_variableDeclaration.zs:1566 > any values not yet supported
[SERVER_STARTED][SERVER][ERROR] 00_oreDict\01_variableDeclaration.zs:1569 > any values not yet supported
[SERVER_STARTED][SERVER][ERROR] 00_oreDict\01_variableDeclaration.zs:1572 > any values not yet supported
[SERVER_STARTED][SERVER][ERROR] 00_oreDict\01_variableDeclaration.zs:1575 > any values not yet supported
[SERVER_STARTED][SERVER][ERROR] 00_oreDict\01_variableDeclaration.zs:1579 > any values not yet supported
[SERVER_STARTED][SERVER][ERROR] 00_oreDict\01_variableDeclaration.zs:1582 > any values not yet supported
[SERVER_STARTED][SERVER][ERROR] 00_oreDict\01_variableDeclaration.zs:1585 > any values not yet supported
[SERVER_STARTED][SERVER][ERROR] 00_oreDict\01_variableDeclaration.zs:1588 > any values not yet supported
[SERVER_STARTED][SERVER][ERROR] 00_oreDict\01_variableDeclaration.zs:1591 > any values not yet supported
[SERVER_STARTED][SERVER][ERROR] 00_oreDict\01_variableDeclaration.zs:1594 > any values not yet supported
[SERVER_STARTED][SERVER][ERROR] 00_oreDict\01_variableDeclaration.zs:1598 > any values not yet supported
[SERVER_STARTED][SERVER][INFO] [crafttweaker | SIDE_CLIENT]: Loading Script: {[-2:crafttweaker]: 00_oreDict\02_recipeRemoval.zs}
[SERVER_STARTED][SERVER][ERROR] 00_oreDict\02_recipeRemoval.zs:9 > No iterator with 1 variables
[SERVER_STARTED][SERVER][ERROR] 00_oreDict\02_recipeRemoval.zs:19 > No iterator with 1 variables
[SERVER_STARTED][SERVER][INFO] Completed script loading in: 783ms
[SERVER_STARTED][SERVER][INFO] Loading scripts for loader with names [preinit]
[SERVER_STARTED][SERVER][INFO] Debug Preprocessor found in {[0:crafttweaker]: 00_oreDict\00_oreDictRemoval.zs}, enabling debugmode
[SERVER_STARTED][SERVER][INFO] Completed script loading in: 0ms
[SERVER_STARTED][SERVER][INFO] Loading scripts for loader with names [mekatweaker]
[SERVER_STARTED][SERVER][INFO] Debug Preprocessor found in {[0:crafttweaker]: 00_oreDict\00_oreDictRemoval.zs}, enabling debugmode
[SERVER_STARTED][SERVER][INFO] Completed script loading in: 0ms
[SERVER_STARTED][SERVER][INFO] Loading scripts for loader with names [crafttweaker | recipeevent]
[SERVER_STARTED][SERVER][INFO] Debug Preprocessor found in {[0:crafttweaker]: 00_oreDict\00_oreDictRemoval.zs}, enabling debugmode
[SERVER_STARTED][SERVER][INFO] [crafttweaker | SIDE_CLIENT]: Loading Script: {[0:crafttweaker]: 00_oreDict\00_oreDictRemoval.zs}
[SERVER_STARTED][SERVER][INFO] [crafttweaker | SIDE_CLIENT]: Loading Script: {[-1:crafttweaker]: 00_oreDict\01_variableDeclaration.zs}
[SERVER_STARTED][SERVER][ERROR] 00_oreDict\01_variableDeclaration.zs:96 > associative arrays don't have static members
[SERVER_STARTED][SERVER][ERROR] 00_oreDict\01_variableDeclaration.zs:149 > associative arrays don't have static members
[SERVER_STARTED][SERVER][ERROR] 00_oreDict\01_variableDeclaration.zs:323 > associative arrays don't have static members
[SERVER_STARTED][SERVER][ERROR] 00_oreDict\01_variableDeclaration.zs:429 > associative arrays don't have static members
[SERVER_STARTED][SERVER][ERROR] 00_oreDict\01_variableDeclaration.zs:512 > associative arrays don't have static members
[SERVER_STARTED][SERVER][ERROR] 00_oreDict\01_variableDeclaration.zs:577 > associative arrays don't have static members
[SERVER_STARTED][SERVER][ERROR] 00_oreDict\01_variableDeclaration.zs:737 > associative arrays don't have static members
[SERVER_STARTED][SERVER][ERROR] 00_oreDict\01_variableDeclaration.zs:879 > associative arrays don't have static members
[SERVER_STARTED][SERVER][ERROR] 00_oreDict\01_variableDeclaration.zs:945 > associative arrays don't have static members
[SERVER_STARTED][SERVER][ERROR] 00_oreDict\01_variableDeclaration.zs:1003 > associative arrays don't have static members
[SERVER_STARTED][SERVER][ERROR] 00_oreDict\01_variableDeclaration.zs:1105 > associative arrays don't have static members
[SERVER_STARTED][SERVER][ERROR] 00_oreDict\01_variableDeclaration.zs:1247 > associative arrays don't have static members
[SERVER_STARTED][SERVER][ERROR] 00_oreDict\01_variableDeclaration.zs:1483 > associative arrays don't have static members
[SERVER_STARTED][SERVER][ERROR] 00_oreDict\01_variableDeclaration.zs:1660 > associative arrays don't have static members
[SERVER_STARTED][SERVER][ERROR] 00_oreDict\01_variableDeclaration.zs:1757 > associative arrays don't have static members
[SERVER_STARTED][SERVER][ERROR] 00_oreDict\01_variableDeclaration.zs:98 > any values not yet supported
[SERVER_STARTED][SERVER][ERROR] 00_oreDict\01_variableDeclaration.zs:100 > any values not yet supported
[SERVER_STARTED][SERVER][ERROR] 00_oreDict\01_variableDeclaration.zs:103 > any values not yet supported
[SERVER_STARTED][SERVER][ERROR] 00_oreDict\01_variableDeclaration.zs:106 > any values not yet supported
[SERVER_STARTED][SERVER][ERROR] 00_oreDict\01_variableDeclaration.zs:111 > any values not yet supported
[SERVER_STARTED][SERVER][ERROR] 00_oreDict\01_variableDeclaration.zs:153 > any values not yet supported
[SERVER_STARTED][SERVER][ERROR] 00_oreDict\01_variableDeclaration.zs:325 > any values not yet supported
[SERVER_STARTED][SERVER][ERROR] 00_oreDict\01_variableDeclaration.zs:329 > any values not yet supported
[SERVER_STARTED][SERVER][ERROR] 00_oreDict\01_variableDeclaration.zs:332 > any values not yet supported
[SERVER_STARTED][SERVER][ERROR] 00_oreDict\01_variableDeclaration.zs:335 > any values not yet supported
[SERVER_STARTED][SERVER][ERROR] 00_oreDict\01_variableDeclaration.zs:338 > any values not yet supported
[SERVER_STARTED][SERVER][ERROR] 00_oreDict\01_variableDeclaration.zs:341 > any values not yet supported
[SERVER_STARTED][SERVER][ERROR] 00_oreDict\01_variableDeclaration.zs:344 > any values not yet supported
[SERVER_STARTED][SERVER][ERROR] 00_oreDict\01_variableDeclaration.zs:347 > any values not yet supported
[SERVER_STARTED][SERVER][ERROR] 00_oreDict\01_variableDeclaration.zs:350 > any values not yet supported
[SERVER_STARTED][SERVER][ERROR] 00_oreDict\01_variableDeclaration.zs:352 > any values not yet supported
[SERVER_STARTED][SERVER][ERROR] 00_oreDict\01_variableDeclaration.zs:356 > any values not yet supported
[SERVER_STARTED][SERVER][ERROR] 00_oreDict\01_variableDeclaration.zs:359 > any values not yet supported
[SERVER_STARTED][SERVER][ERROR] 00_oreDict\01_variableDeclaration.zs:363 > any values not yet supported
[SERVER_STARTED][SERVER][ERROR] 00_oreDict\01_variableDeclaration.zs:366 > any values not yet supported
[SERVER_STARTED][SERVER][ERROR] 00_oreDict\01_variableDeclaration.zs:369 > any values not yet supported
[SERVER_STARTED][SERVER][ERROR] 00_oreDict\01_variableDeclaration.zs:372 > any values not yet supported
[SERVER_STARTED][SERVER][ERROR] 00_oreDict\01_variableDeclaration.zs:377 > any values not yet supported
[SERVER_STARTED][SERVER][ERROR] 00_oreDict\01_variableDeclaration.zs:431 > any values not yet supported
[SERVER_STARTED][SERVER][ERROR] 00_oreDict\01_variableDeclaration.zs:434 > any values not yet supported
[SERVER_STARTED][SERVER][ERROR] 00_oreDict\01_variableDeclaration.zs:437 > any values not yet supported
[SERVER_STARTED][SERVER][ERROR] 00_oreDict\01_variableDeclaration.zs:440 > any values not yet supported
[SERVER_STARTED][SERVER][ERROR] 00_oreDict\01_variableDeclaration.zs:443 > any values not yet supported
[SERVER_STARTED][SERVER][ERROR] 00_oreDict\01_variableDeclaration.zs:444 > any values not yet supported
[SERVER_STARTED][SERVER][ERROR] 00_oreDict\01_variableDeclaration.zs:445 > any values not yet supported
[SERVER_STARTED][SERVER][ERROR] 00_oreDict\01_variableDeclaration.zs:447 > any values not yet supported
[SERVER_STARTED][SERVER][ERROR] 00_oreDict\01_variableDeclaration.zs:514 > any values not yet supported
[SERVER_STARTED][SERVER][ERROR] 00_oreDict\01_variableDeclaration.zs:517 > any values not yet supported
[SERVER_STARTED][SERVER][ERROR] 00_oreDict\01_variableDeclaration.zs:520 > any values not yet supported
[SERVER_STARTED][SERVER][ERROR] 00_oreDict\01_variableDeclaration.zs:523 > any values not yet supported
[SERVER_STARTED][SERVER][ERROR] 00_oreDict\01_variableDeclaration.zs:526 > any values not yet supported
[SERVER_STARTED][SERVER][ERROR] 00_oreDict\01_variableDeclaration.zs:529 > any values not yet supported
[SERVER_STARTED][SERVER][ERROR] 00_oreDict\01_variableDeclaration.zs:532 > any values not yet supported
[SERVER_STARTED][SERVER][ERROR] 00_oreDict\01_variableDeclaration.zs:535 > any values not yet supported
[SERVER_STARTED][SERVER][ERROR] 00_oreDict\01_variableDeclaration.zs:538 > any values not yet supported
[SERVER_STARTED][SERVER][ERROR] 00_oreDict\01_variableDeclaration.zs:541 > any values not yet supported
[SERVER_STARTED][SERVER][ERROR] 00_oreDict\01_variableDeclaration.zs:544 > any values not yet supported
[SERVER_STARTED][SERVER][ERROR] 00_oreDict\01_variableDeclaration.zs:547 > any values not yet supported
[SERVER_STARTED][SERVER][ERROR] 00_oreDict\01_variableDeclaration.zs:550 > any values not yet supported
[SERVER_STARTED][SERVER][ERROR] 00_oreDict\01_variableDeclaration.zs:553 > any values not yet supported
[SERVER_STARTED][SERVER][ERROR] 00_oreDict\01_variableDeclaration.zs:558 > any values not yet supported
[SERVER_STARTED][SERVER][ERROR] 00_oreDict\01_variableDeclaration.zs:739 > any values not yet supported
[SERVER_STARTED][SERVER][ERROR] 00_oreDict\01_variableDeclaration.zs:742 > any values not yet supported
[SERVER_STARTED][SERVER][ERROR] 00_oreDict\01_variableDeclaration.zs:745 > any values not yet supported
[SERVER_STARTED][SERVER][ERROR] 00_oreDict\01_variableDeclaration.zs:748 > any values not yet supported
[SERVER_STARTED][SERVER][ERROR] 00_oreDict\01_variableDeclaration.zs:751 > any values not yet supported
[SERVER_STARTED][SERVER][ERROR] 00_oreDict\01_variableDeclaration.zs:755 > any values not yet supported
[SERVER_STARTED][SERVER][ERROR] 00_oreDict\01_variableDeclaration.zs:760 > any values not yet supported
[SERVER_STARTED][SERVER][ERROR] 00_oreDict\01_variableDeclaration.zs:763 > any values not yet supported
[SERVER_STARTED][SERVER][ERROR] 00_oreDict\01_variableDeclaration.zs:766 > any values not yet supported
[SERVER_STARTED][SERVER][ERROR] 00_oreDict\01_variableDeclaration.zs:771 > any values not yet supported
[SERVER_STARTED][SERVER][ERROR] 00_oreDict\01_variableDeclaration.zs:776 > any values not yet supported
[SERVER_STARTED][SERVER][ERROR] 00_oreDict\01_variableDeclaration.zs:881 > any values not yet supported
[SERVER_STARTED][SERVER][ERROR] 00_oreDict\01_variableDeclaration.zs:884 > any values not yet supported
[SERVER_STARTED][SERVER][ERROR] 00_oreDict\01_variableDeclaration.zs:888 > any values not yet supported
[SERVER_STARTED][SERVER][ERROR] 00_oreDict\01_variableDeclaration.zs:893 > any values not yet supported
[SERVER_STARTED][SERVER][ERROR] 00_oreDict\01_variableDeclaration.zs:949 > any values not yet supported
[SERVER_STARTED][SERVER][ERROR] 00_oreDict\01_variableDeclaration.zs:1005 > any values not yet supported
[SERVER_STARTED][SERVER][ERROR] 00_oreDict\01_variableDeclaration.zs:1009 > any values not yet supported
[SERVER_STARTED][SERVER][ERROR] 00_oreDict\01_variableDeclaration.zs:1013 > any values not yet supported
[SERVER_STARTED][SERVER][ERROR] 00_oreDict\01_variableDeclaration.zs:1019 > any values not yet supported
[SERVER_STARTED][SERVER][ERROR] 00_oreDict\01_variableDeclaration.zs:1107 > any values not yet supported
[SERVER_STARTED][SERVER][ERROR] 00_oreDict\01_variableDeclaration.zs:1110 > any values not yet supported
[SERVER_STARTED][SERVER][ERROR] 00_oreDict\01_variableDeclaration.zs:1113 > any values not yet supported
[SERVER_STARTED][SERVER][ERROR] 00_oreDict\01_variableDeclaration.zs:1116 > any values not yet supported
[SERVER_STARTED][SERVER][ERROR] 00_oreDict\01_variableDeclaration.zs:1120 > any values not yet supported
[SERVER_STARTED][SERVER][ERROR] 00_oreDict\01_variableDeclaration.zs:1249 > any values not yet supported
[SERVER_STARTED][SERVER][ERROR] 00_oreDict\01_variableDeclaration.zs:1252 > any values not yet supported
[SERVER_STARTED][SERVER][ERROR] 00_oreDict\01_variableDeclaration.zs:1255 > any values not yet supported
[SERVER_STARTED][SERVER][ERROR] 00_oreDict\01_variableDeclaration.zs:1259 > any values not yet supported
[SERVER_STARTED][SERVER][ERROR] 00_oreDict\01_variableDeclaration.zs:1485 > any values not yet supported
[SERVER_STARTED][SERVER][ERROR] 00_oreDict\01_variableDeclaration.zs:1488 > any values not yet supported
[SERVER_STARTED][SERVER][ERROR] 00_oreDict\01_variableDeclaration.zs:1491 > any values not yet supported
[SERVER_STARTED][SERVER][ERROR] 00_oreDict\01_variableDeclaration.zs:1494 > any values not yet supported
[SERVER_STARTED][SERVER][ERROR] 00_oreDict\01_variableDeclaration.zs:1497 > any values not yet supported
[SERVER_STARTED][SERVER][ERROR] 00_oreDict\01_variableDeclaration.zs:1500 > any values not yet supported
[SERVER_STARTED][SERVER][ERROR] 00_oreDict\01_variableDeclaration.zs:1503 > any values not yet supported
[SERVER_STARTED][SERVER][ERROR] 00_oreDict\01_variableDeclaration.zs:1506 > any values not yet supported
[SERVER_STARTED][SERVER][ERROR] 00_oreDict\01_variableDeclaration.zs:1509 > any values not yet supported
[SERVER_STARTED][SERVER][ERROR] 00_oreDict\01_variableDeclaration.zs:1512 > any values not yet supported
[SERVER_STARTED][SERVER][ERROR] 00_oreDict\01_variableDeclaration.zs:1515 > any values not yet supported
[SERVER_STARTED][SERVER][ERROR] 00_oreDict\01_variableDeclaration.zs:1518 > any values not yet supported
[SERVER_STARTED][SERVER][ERROR] 00_oreDict\01_variableDeclaration.zs:1521 > any values not yet supported
[SERVER_STARTED][SERVER][ERROR] 00_oreDict\01_variableDeclaration.zs:1524 > any values not yet supported
[SERVER_STARTED][SERVER][ERROR] 00_oreDict\01_variableDeclaration.zs:1527 > any values not yet supported
[SERVER_STARTED][SERVER][ERROR] 00_oreDict\01_variableDeclaration.zs:1530 > any values not yet supported
[SERVER_STARTED][SERVER][ERROR] 00_oreDict\01_variableDeclaration.zs:1533 > any values not yet supported
[SERVER_STARTED][SERVER][ERROR] 00_oreDict\01_variableDeclaration.zs:1536 > any values not yet supported
[SERVER_STARTED][SERVER][ERROR] 00_oreDict\01_variableDeclaration.zs:1539 > any values not yet supported
[SERVER_STARTED][SERVER][ERROR] 00_oreDict\01_variableDeclaration.zs:1542 > any values not yet supported
[SERVER_STARTED][SERVER][ERROR] 00_oreDict\01_variableDeclaration.zs:1545 > any values not yet supported
[SERVER_STARTED][SERVER][ERROR] 00_oreDict\01_variableDeclaration.zs:1548 > any values not yet supported
[SERVER_STARTED][SERVER][ERROR] 00_oreDict\01_variableDeclaration.zs:1551 > any values not yet supported
[SERVER_STARTED][SERVER][ERROR] 00_oreDict\01_variableDeclaration.zs:1554 > any values not yet supported
[SERVER_STARTED][SERVER][ERROR] 00_oreDict\01_variableDeclaration.zs:1557 > any values not yet supported
[SERVER_STARTED][SERVER][ERROR] 00_oreDict\01_variableDeclaration.zs:1560 > any values not yet supported
[SERVER_STARTED][SERVER][ERROR] 00_oreDict\01_variableDeclaration.zs:1563 > any values not yet supported
[SERVER_STARTED][SERVER][ERROR] 00_oreDict\01_variableDeclaration.zs:1566 > any values not yet supported
[SERVER_STARTED][SERVER][ERROR] 00_oreDict\01_variableDeclaration.zs:1569 > any values not yet supported
[SERVER_STARTED][SERVER][ERROR] 00_oreDict\01_variableDeclaration.zs:1572 > any values not yet supported
[SERVER_STARTED][SERVER][ERROR] 00_oreDict\01_variableDeclaration.zs:1575 > any values not yet supported
[SERVER_STARTED][SERVER][ERROR] 00_oreDict\01_variableDeclaration.zs:1579 > any values not yet supported
[SERVER_STARTED][SERVER][ERROR] 00_oreDict\01_variableDeclaration.zs:1582 > any values not yet supported
[SERVER_STARTED][SERVER][ERROR] 00_oreDict\01_variableDeclaration.zs:1585 > any values not yet supported
[SERVER_STARTED][SERVER][ERROR] 00_oreDict\01_variableDeclaration.zs:1588 > any values not yet supported
[SERVER_STARTED][SERVER][ERROR] 00_oreDict\01_variableDeclaration.zs:1591 > any values not yet supported
[SERVER_STARTED][SERVER][ERROR] 00_oreDict\01_variableDeclaration.zs:1594 > any values not yet supported
[SERVER_STARTED][SERVER][ERROR] 00_oreDict\01_variableDeclaration.zs:1598 > any values not yet supported
[SERVER_STARTED][SERVER][INFO] [crafttweaker | SIDE_CLIENT]: Loading Script: {[-2:crafttweaker]: 00_oreDict\02_recipeRemoval.zs}
[SERVER_STARTED][SERVER][ERROR] [crafttweaker | SIDE_CLIENT]: Error parsing 00_oreDict\02_recipeRemoval.zs:9 -- identifier expected
[SERVER_STARTED][SERVER][INFO] Completed script loading in: 85ms
[SERVER_STARTED][SERVER][INFO] Loading scripts for loader with names [preinit]
[SERVER_STARTED][SERVER][INFO] Debug Preprocessor found in {[0:crafttweaker]: 00_oreDict\00_oreDictRemoval.zs}, enabling debugmode
[SERVER_STARTED][SERVER][INFO] Completed script loading in: 0ms
[SERVER_STARTED][SERVER][INFO] Loading scripts for loader with names [mekatweaker]
[SERVER_STARTED][SERVER][INFO] Debug Preprocessor found in {[0:crafttweaker]: 00_oreDict\00_oreDictRemoval.zs}, enabling debugmode
[SERVER_STARTED][SERVER][INFO] Completed script loading in: 0ms
[SERVER_STARTED][SERVER][INFO] Loading scripts for loader with names [crafttweaker | recipeevent]
[SERVER_STARTED][SERVER][INFO] Debug Preprocessor found in {[0:crafttweaker]: 00_oreDict\00_oreDictRemoval.zs}, enabling debugmode
[SERVER_STARTED][SERVER][INFO] [crafttweaker | SIDE_CLIENT]: Loading Script: {[0:crafttweaker]: 00_oreDict\00_oreDictRemoval.zs}
[SERVER_STARTED][SERVER][INFO] [crafttweaker | SIDE_CLIENT]: Loading Script: {[-1:crafttweaker]: 00_oreDict\01_variableDeclaration.zs}
[SERVER_STARTED][SERVER][ERROR] 00_oreDict\01_variableDeclaration.zs:96 > associative arrays don't have static members
[SERVER_STARTED][SERVER][ERROR] 00_oreDict\01_variableDeclaration.zs:149 > associative arrays don't have static members
[SERVER_STARTED][SERVER][ERROR] 00_oreDict\01_variableDeclaration.zs:323 > associative arrays don't have static members
[SERVER_STARTED][SERVER][ERROR] 00_oreDict\01_variableDeclaration.zs:429 > associative arrays don't have static members
[SERVER_STARTED][SERVER][ERROR] 00_oreDict\01_variableDeclaration.zs:512 > associative arrays don't have static members
[SERVER_STARTED][SERVER][ERROR] 00_oreDict\01_variableDeclaration.zs:577 > associative arrays don't have static members
[SERVER_STARTED][SERVER][ERROR] 00_oreDict\01_variableDeclaration.zs:737 > associative arrays don't have static members
[SERVER_STARTED][SERVER][ERROR] 00_oreDict\01_variableDeclaration.zs:879 > associative arrays don't have static members
[SERVER_STARTED][SERVER][ERROR] 00_oreDict\01_variableDeclaration.zs:945 > associative arrays don't have static members
[SERVER_STARTED][SERVER][ERROR] 00_oreDict\01_variableDeclaration.zs:1003 > associative arrays don't have static members
[SERVER_STARTED][SERVER][ERROR] 00_oreDict\01_variableDeclaration.zs:1105 > associative arrays don't have static members
[SERVER_STARTED][SERVER][ERROR] 00_oreDict\01_variableDeclaration.zs:1247 > associative arrays don't have static members
[SERVER_STARTED][SERVER][ERROR] 00_oreDict\01_variableDeclaration.zs:1483 > associative arrays don't have static members
[SERVER_STARTED][SERVER][ERROR] 00_oreDict\01_variableDeclaration.zs:1660 > associative arrays don't have static members
[SERVER_STARTED][SERVER][ERROR] 00_oreDict\01_variableDeclaration.zs:1757 > associative arrays don't have static members
[SERVER_STARTED][SERVER][ERROR] 00_oreDict\01_variableDeclaration.zs:98 > any values not yet supported
[SERVER_STARTED][SERVER][ERROR] 00_oreDict\01_variableDeclaration.zs:100 > any values not yet supported
[SERVER_STARTED][SERVER][ERROR] 00_oreDict\01_variableDeclaration.zs:103 > any values not yet supported
[SERVER_STARTED][SERVER][ERROR] 00_oreDict\01_variableDeclaration.zs:106 > any values not yet supported
[SERVER_STARTED][SERVER][ERROR] 00_oreDict\01_variableDeclaration.zs:111 > any values not yet supported
[SERVER_STARTED][SERVER][ERROR] 00_oreDict\01_variableDeclaration.zs:153 > any values not yet supported
[SERVER_STARTED][SERVER][ERROR] 00_oreDict\01_variableDeclaration.zs:325 > any values not yet supported
[SERVER_STARTED][SERVER][ERROR] 00_oreDict\01_variableDeclaration.zs:329 > any values not yet supported
[SERVER_STARTED][SERVER][ERROR] 00_oreDict\01_variableDeclaration.zs:332 > any values not yet supported
[SERVER_STARTED][SERVER][ERROR] 00_oreDict\01_variableDeclaration.zs:335 > any values not yet supported
[SERVER_STARTED][SERVER][ERROR] 00_oreDict\01_variableDeclaration.zs:338 > any values not yet supported
[SERVER_STARTED][SERVER][ERROR] 00_oreDict\01_variableDeclaration.zs:341 > any values not yet supported
[SERVER_STARTED][SERVER][ERROR] 00_oreDict\01_variableDeclaration.zs:344 > any values not yet supported
[SERVER_STARTED][SERVER][ERROR] 00_oreDict\01_variableDeclaration.zs:347 > any values not yet supported
[SERVER_STARTED][SERVER][ERROR] 00_oreDict\01_variableDeclaration.zs:350 > any values not yet supported
[SERVER_STARTED][SERVER][ERROR] 00_oreDict\01_variableDeclaration.zs:352 > any values not yet supported
[SERVER_STARTED][SERVER][ERROR] 00_oreDict\01_variableDeclaration.zs:356 > any values not yet supported
[SERVER_STARTED][SERVER][ERROR] 00_oreDict\01_variableDeclaration.zs:359 > any values not yet supported
[SERVER_STARTED][SERVER][ERROR] 00_oreDict\01_variableDeclaration.zs:363 > any values not yet supported
[SERVER_STARTED][SERVER][ERROR] 00_oreDict\01_variableDeclaration.zs:366 > any values not yet supported
[SERVER_STARTED][SERVER][ERROR] 00_oreDict\01_variableDeclaration.zs:369 > any values not yet supported
[SERVER_STARTED][SERVER][ERROR] 00_oreDict\01_variableDeclaration.zs:372 > any values not yet supported
[SERVER_STARTED][SERVER][ERROR] 00_oreDict\01_variableDeclaration.zs:377 > any values not yet supported
[SERVER_STARTED][SERVER][ERROR] 00_oreDict\01_variableDeclaration.zs:431 > any values not yet supported
[SERVER_STARTED][SERVER][ERROR] 00_oreDict\01_variableDeclaration.zs:434 > any values not yet supported
[SERVER_STARTED][SERVER][ERROR] 00_oreDict\01_variableDeclaration.zs:437 > any values not yet supported
[SERVER_STARTED][SERVER][ERROR] 00_oreDict\01_variableDeclaration.zs:440 > any values not yet supported
[SERVER_STARTED][SERVER][ERROR] 00_oreDict\01_variableDeclaration.zs:443 > any values not yet supported
[SERVER_STARTED][SERVER][ERROR] 00_oreDict\01_variableDeclaration.zs:444 > any values not yet supported
[SERVER_STARTED][SERVER][ERROR] 00_oreDict\01_variableDeclaration.zs:445 > any values not yet supported
[SERVER_STARTED][SERVER][ERROR] 00_oreDict\01_variableDeclaration.zs:447 > any values not yet supported
[SERVER_STARTED][SERVER][ERROR] 00_oreDict\01_variableDeclaration.zs:514 > any values not yet supported
[SERVER_STARTED][SERVER][ERROR] 00_oreDict\01_variableDeclaration.zs:517 > any values not yet supported
[SERVER_STARTED][SERVER][ERROR] 00_oreDict\01_variableDeclaration.zs:520 > any values not yet supported
[SERVER_STARTED][SERVER][ERROR] 00_oreDict\01_variableDeclaration.zs:523 > any values not yet supported
[SERVER_STARTED][SERVER][ERROR] 00_oreDict\01_variableDeclaration.zs:526 > any values not yet supported
[SERVER_STARTED][SERVER][ERROR] 00_oreDict\01_variableDeclaration.zs:529 > any values not yet supported
[SERVER_STARTED][SERVER][ERROR] 00_oreDict\01_variableDeclaration.zs:532 > any values not yet supported
[SERVER_STARTED][SERVER][ERROR] 00_oreDict\01_variableDeclaration.zs:535 > any values not yet supported
[SERVER_STARTED][SERVER][ERROR] 00_oreDict\01_variableDeclaration.zs:538 > any values not yet supported
[SERVER_STARTED][SERVER][ERROR] 00_oreDict\01_variableDeclaration.zs:541 > any values not yet supported
[SERVER_STARTED][SERVER][ERROR] 00_oreDict\01_variableDeclaration.zs:544 > any values not yet supported
[SERVER_STARTED][SERVER][ERROR] 00_oreDict\01_variableDeclaration.zs:547 > any values not yet supported
[SERVER_STARTED][SERVER][ERROR] 00_oreDict\01_variableDeclaration.zs:550 > any values not yet supported
[SERVER_STARTED][SERVER][ERROR] 00_oreDict\01_variableDeclaration.zs:553 > any values not yet supported
[SERVER_STARTED][SERVER][ERROR] 00_oreDict\01_variableDeclaration.zs:558 > any values not yet supported
[SERVER_STARTED][SERVER][ERROR] 00_oreDict\01_variableDeclaration.zs:739 > any values not yet supported
[SERVER_STARTED][SERVER][ERROR] 00_oreDict\01_variableDeclaration.zs:742 > any values not yet supported
[SERVER_STARTED][SERVER][ERROR] 00_oreDict\01_variableDeclaration.zs:745 > any values not yet supported
[SERVER_STARTED][SERVER][ERROR] 00_oreDict\01_variableDeclaration.zs:748 > any values not yet supported
[SERVER_STARTED][SERVER][ERROR] 00_oreDict\01_variableDeclaration.zs:751 > any values not yet supported
[SERVER_STARTED][SERVER][ERROR] 00_oreDict\01_variableDeclaration.zs:755 > any values not yet supported
[SERVER_STARTED][SERVER][ERROR] 00_oreDict\01_variableDeclaration.zs:760 > any values not yet supported
[SERVER_STARTED][SERVER][ERROR] 00_oreDict\01_variableDeclaration.zs:763 > any values not yet supported
[SERVER_STARTED][SERVER][ERROR] 00_oreDict\01_variableDeclaration.zs:766 > any values not yet supported
[SERVER_STARTED][SERVER][ERROR] 00_oreDict\01_variableDeclaration.zs:771 > any values not yet supported
[SERVER_STARTED][SERVER][ERROR] 00_oreDict\01_variableDeclaration.zs:776 > any values not yet supported
[SERVER_STARTED][SERVER][ERROR] 00_oreDict\01_variableDeclaration.zs:881 > any values not yet supported
[SERVER_STARTED][SERVER][ERROR] 00_oreDict\01_variableDeclaration.zs:884 > any values not yet supported
[SERVER_STARTED][SERVER][ERROR] 00_oreDict\01_variableDeclaration.zs:888 > any values not yet supported
[SERVER_STARTED][SERVER][ERROR] 00_oreDict\01_variableDeclaration.zs:893 > any values not yet supported
[SERVER_STARTED][SERVER][ERROR] 00_oreDict\01_variableDeclaration.zs:949 > any values not yet supported
[SERVER_STARTED][SERVER][ERROR] 00_oreDict\01_variableDeclaration.zs:1005 > any values not yet supported
[SERVER_STARTED][SERVER][ERROR] 00_oreDict\01_variableDeclaration.zs:1009 > any values not yet supported
[SERVER_STARTED][SERVER][ERROR] 00_oreDict\01_variableDeclaration.zs:1013 > any values not yet supported
[SERVER_STARTED][SERVER][ERROR] 00_oreDict\01_variableDeclaration.zs:1019 > any values not yet supported
[SERVER_STARTED][SERVER][ERROR] 00_oreDict\01_variableDeclaration.zs:1107 > any values not yet supported
[SERVER_STARTED][SERVER][ERROR] 00_oreDict\01_variableDeclaration.zs:1110 > any values not yet supported
[SERVER_STARTED][SERVER][ERROR] 00_oreDict\01_variableDeclaration.zs:1113 > any values not yet supported
[SERVER_STARTED][SERVER][ERROR] 00_oreDict\01_variableDeclaration.zs:1116 > any values not yet supported
[SERVER_STARTED][SERVER][ERROR] 00_oreDict\01_variableDeclaration.zs:1120 > any values not yet supported
[SERVER_STARTED][SERVER][ERROR] 00_oreDict\01_variableDeclaration.zs:1249 > any values not yet supported
[SERVER_STARTED][SERVER][ERROR] 00_oreDict\01_variableDeclaration.zs:1252 > any values not yet supported
[SERVER_STARTED][SERVER][ERROR] 00_oreDict\01_variableDeclaration.zs:1255 > any values not yet supported
[SERVER_STARTED][SERVER][ERROR] 00_oreDict\01_variableDeclaration.zs:1259 > any values not yet supported
[SERVER_STARTED][SERVER][ERROR] 00_oreDict\01_variableDeclaration.zs:1485 > any values not yet supported
[SERVER_STARTED][SERVER][ERROR] 00_oreDict\01_variableDeclaration.zs:1488 > any values not yet supported
[SERVER_STARTED][SERVER][ERROR] 00_oreDict\01_variableDeclaration.zs:1491 > any values not yet supported
[SERVER_STARTED][SERVER][ERROR] 00_oreDict\01_variableDeclaration.zs:1494 > any values not yet supported
[SERVER_STARTED][SERVER][ERROR] 00_oreDict\01_variableDeclaration.zs:1497 > any values not yet supported
[SERVER_STARTED][SERVER][ERROR] 00_oreDict\01_variableDeclaration.zs:1500 > any values not yet supported
[SERVER_STARTED][SERVER][ERROR] 00_oreDict\01_variableDeclaration.zs:1503 > any values not yet supported
[SERVER_STARTED][SERVER][ERROR] 00_oreDict\01_variableDeclaration.zs:1506 > any values not yet supported
[SERVER_STARTED][SERVER][ERROR] 00_oreDict\01_variableDeclaration.zs:1509 > any values not yet supported
[SERVER_STARTED][SERVER][ERROR] 00_oreDict\01_variableDeclaration.zs:1512 > any values not yet supported
[SERVER_STARTED][SERVER][ERROR] 00_oreDict\01_variableDeclaration.zs:1515 > any values not yet supported
[SERVER_STARTED][SERVER][ERROR] 00_oreDict\01_variableDeclaration.zs:1518 > any values not yet supported
[SERVER_STARTED][SERVER][ERROR] 00_oreDict\01_variableDeclaration.zs:1521 > any values not yet supported
[SERVER_STARTED][SERVER][ERROR] 00_oreDict\01_variableDeclaration.zs:1524 > any values not yet supported
[SERVER_STARTED][SERVER][ERROR] 00_oreDict\01_variableDeclaration.zs:1527 > any values not yet supported
[SERVER_STARTED][SERVER][ERROR] 00_oreDict\01_variableDeclaration.zs:1530 > any values not yet supported
[SERVER_STARTED][SERVER][ERROR] 00_oreDict\01_variableDeclaration.zs:1533 > any values not yet supported
[SERVER_STARTED][SERVER][ERROR] 00_oreDict\01_variableDeclaration.zs:1536 > any values not yet supported
[SERVER_STARTED][SERVER][ERROR] 00_oreDict\01_variableDeclaration.zs:1539 > any values not yet supported
[SERVER_STARTED][SERVER][ERROR] 00_oreDict\01_variableDeclaration.zs:1542 > any values not yet supported
[SERVER_STARTED][SERVER][ERROR] 00_oreDict\01_variableDeclaration.zs:1545 > any values not yet supported
[SERVER_STARTED][SERVER][ERROR] 00_oreDict\01_variableDeclaration.zs:1548 > any values not yet supported
[SERVER_STARTED][SERVER][ERROR] 00_oreDict\01_variableDeclaration.zs:1551 > any values not yet supported
[SERVER_STARTED][SERVER][ERROR] 00_oreDict\01_variableDeclaration.zs:1554 > any values not yet supported
[SERVER_STARTED][SERVER][ERROR] 00_oreDict\01_variableDeclaration.zs:1557 > any values not yet supported
[SERVER_STARTED][SERVER][ERROR] 00_oreDict\01_variableDeclaration.zs:1560 > any values not yet supported
[SERVER_STARTED][SERVER][ERROR] 00_oreDict\01_variableDeclaration.zs:1563 > any values not yet supported
[SERVER_STARTED][SERVER][ERROR] 00_oreDict\01_variableDeclaration.zs:1566 > any values not yet supported
[SERVER_STARTED][SERVER][ERROR] 00_oreDict\01_variableDeclaration.zs:1569 > any values not yet supported
[SERVER_STARTED][SERVER][ERROR] 00_oreDict\01_variableDeclaration.zs:1572 > any values not yet supported
[SERVER_STARTED][SERVER][ERROR] 00_oreDict\01_variableDeclaration.zs:1575 > any values not yet supported
[SERVER_STARTED][SERVER][ERROR] 00_oreDict\01_variableDeclaration.zs:1579 > any values not yet supported
[SERVER_STARTED][SERVER][ERROR] 00_oreDict\01_variableDeclaration.zs:1582 > any values not yet supported
[SERVER_STARTED][SERVER][ERROR] 00_oreDict\01_variableDeclaration.zs:1585 > any values not yet supported
[SERVER_STARTED][SERVER][ERROR] 00_oreDict\01_variableDeclaration.zs:1588 > any values not yet supported
[SERVER_STARTED][SERVER][ERROR] 00_oreDict\01_variableDeclaration.zs:1591 > any values not yet supported
[SERVER_STARTED][SERVER][ERROR] 00_oreDict\01_variableDeclaration.zs:1594 > any values not yet supported
[SERVER_STARTED][SERVER][ERROR] 00_oreDict\01_variableDeclaration.zs:1598 > any values not yet supported
[SERVER_STARTED][SERVER][INFO] [crafttweaker | SIDE_CLIENT]: Loading Script: {[-2:crafttweaker]: 00_oreDict\02_recipeRemoval.zs}
[SERVER_STARTED][SERVER][ERROR] [crafttweaker | SIDE_CLIENT]: Error parsing 00_oreDict\02_recipeRemoval.zs:9 -- identifier expected
[SERVER_STARTED][SERVER][INFO] Completed script loading in: 101ms
